<?xml version="1.0" encoding="UTF-8"?>
<!-- Generated by org.testng.reporters.JUnitReportReporter -->
<testsuite hostname="DESKTOP-LVNNG7C" failures="0" tests="1" name="com.qa.tn_part1_AddToCartTest.AddToCart_Test" time="12.679" errors="0" timestamp="2024-01-11T19:54:17 EST" skipped="0">
  <testcase classname="com.qa.tn_part1_AddToCartTest.AddToCart_Test" name="checkingOutValidProduct" time="12.679"/>
</testsuite> <!-- com.qa.tn_part1_AddToCartTest.AddToCart_Test -->
